Content-Type: multipart/alternative;
 boundary="===============1868689469218066756=="
MIME-Version: 1.0
Subject: Profile activation
From: test@example.com
To: wefafe@aefewaef.com
Date: Sun, 22 Nov 2020 11:49:41 -0000
Message-ID: 
 <160604578155.63874.11199279539350056800@170.1.168.192.in-addr.arpa>

--===============1868689469218066756==
Content-Type: text/plain; charset="utf-8"
MIME-Version: 1.0
Content-Transfer-Encoding: 7bit



To activate your profile, please follow this link:

http://127.0.0.1:8000/accounts/activate/BKtHowRTn24XNWaekbTa/

--===============1868689469218066756==
Content-Type: text/html; charset="utf-8"
MIME-Version: 1.0
Content-Transfer-Encoding: 7bit



<!DOCTYPE html PUBLIC "-//W3C//DTD XHTML 1.0 Transitional//EN"
        "http://www.w3.org/TR/xhtml1/DTD/xhtml1-transitional.dtd">
<html xmlns="http://www.w3.org/1999/xhtml">
<head>
    <meta http-equiv="Content-Type" content="text/html; charset=UTF-8"/>
    <title>Profile activation</title>
    <meta name="viewport" content="width=device-width, initial-scale=1.0"/>
</head>

<body>

<p>
    To activate your profile, please follow this link:
</p>

<p>
    <a href="http://127.0.0.1:8000/accounts/activate/BKtHowRTn24XNWaekbTa/">http://127.0.0.1:8000/accounts/activate/BKtHowRTn24XNWaekbTa/</a>
</p>

</body>

</html>

--===============1868689469218066756==--

-------------------------------------------------------------------------------
